<?xml version="1.0" encoding="UTF-8"?>
<!-- Generated by org.testng.reporters.JUnitReportReporter -->
<testsuite hostname="Pratik" failures="0" tests="2" name="Native_App.API_Demos" time="10.452" errors="0" timestamp="2024-07-28T18:23:47 IST" skipped="1">
  <testcase classname="Native_App.API_Demos" name="dragdrop" time="10.452"/>
  <system-out/>
  <testcase classname="Native_App.API_Demos" name="preference">
    <skipped/>
  </testcase> <!-- preference -->
  <system-out/>
</testsuite> <!-- Native_App.API_Demos -->
