<?xml version="1.0" encoding="UTF-8"?>
<!-- Generated by org.testng.reporters.JUnitReportReporter -->
<testsuite hostname="Pratik" failures="0" tests="1" name="Hybrid_App.General_Store" time="32.186" errors="0" timestamp="2024-07-28T18:52:30 IST" skipped="0">
  <testcase classname="Hybrid_App.General_Store" name="t1" time="32.186"/>
  <system-out/>
</testsuite> <!-- Hybrid_App.General_Store -->
